<?xml version="1.0" encoding="UTF-8"?>
<testng-results ignored="0" total="1" passed="1" failed="0" skipped="0">
  <reporter-output>
  </reporter-output>
  <suite started-at="2024-03-22T18:37:12 IST" name="Default suite" finished-at="2024-03-22T18:38:31 IST" duration-ms="78679">
    <groups>
    </groups>
    <test started-at="2024-03-22T18:37:12 IST" name="Default test" finished-at="2024-03-22T18:38:31 IST" duration-ms="78679">
      <class name="WorldlineAssesment.testing.Go_indigo">
        <test-method is-config="true" signature="setUpBeforeClass()[pri:0, instance:WorldlineAssesment.testing.Go_indigo@71a8adcf]" started-at="2024-03-22T18:37:12 IST" name="setUpBeforeClass" finished-at="2024-03-22T18:37:50 IST" duration-ms="37818" status="PASS">
          <reporter-output>
          </reporter-output>
        </test-method> <!-- setUpBeforeClass -->
        <test-method signature="test()[pri:0, instance:WorldlineAssesment.testing.Go_indigo@71a8adcf]" started-at="2024-03-22T18:37:50 IST" name="test" finished-at="2024-03-22T18:38:29 IST" duration-ms="39558" status="PASS">
          <reporter-output>
          </reporter-output>
        </test-method> <!-- test -->
        <test-method is-config="true" signature="tearDownAfterClass()[pri:0, instance:WorldlineAssesment.testing.Go_indigo@71a8adcf]" started-at="2024-03-22T18:38:29 IST" name="tearDownAfterClass" finished-at="2024-03-22T18:38:31 IST" duration-ms="1175" status="PASS">
          <reporter-output>
          </reporter-output>
        </test-method> <!-- tearDownAfterClass -->
      </class> <!-- WorldlineAssesment.testing.Go_indigo -->
    </test> <!-- Default test -->
  </suite> <!-- Default suite -->
</testng-results>
